;  LST file generated by mikroListExporter - v.2.0 
; Date/Time: 29.03.2023 09:26:06
;----------------------------------------------

;Address Opcode 	ASM
____SysVT:
0x8000000	0xFFFC2004  	537198588
0x8000004	0x07610800  	134219617
0x8000008	0x02C10800  	134218433
0x800000C	0x02C10800  	134218433
0x8000010	0x02C10800  	134218433
0x8000014	0x02C10800  	134218433
0x8000018	0x02C10800  	134218433
0x800001C	0x02C10800  	134218433
0x8000020	0x02C10800  	134218433
0x8000024	0x02C10800  	134218433
0x8000028	0x02C10800  	134218433
0x800002C	0x02C10800  	134218433
0x8000030	0x02C10800  	134218433
0x8000034	0x02C10800  	134218433
0x8000038	0x02C10800  	134218433
0x800003C	0x02C10800  	134218433
0x8000040	0x02C10800  	134218433
0x8000044	0x02C10800  	134218433
0x8000048	0x02C10800  	134218433
0x800004C	0x02C10800  	134218433
0x8000050	0x02C10800  	134218433
0x8000054	0x02C10800  	134218433
0x8000058	0x02C10800  	134218433
0x800005C	0x02C10800  	134218433
0x8000060	0x02C10800  	134218433
0x8000064	0x02C10800  	134218433
0x8000068	0x02C10800  	134218433
0x800006C	0x02C10800  	134218433
0x8000070	0x02C10800  	134218433
0x8000074	0x02C10800  	134218433
0x8000078	0x02C10800  	134218433
0x800007C	0x02C10800  	134218433
0x8000080	0x02C10800  	134218433
0x8000084	0x02C10800  	134218433
0x8000088	0x02C10800  	134218433
0x800008C	0x02C10800  	134218433
0x8000090	0x02C10800  	134218433
0x8000094	0x02C10800  	134218433
0x8000098	0x02C10800  	134218433
0x800009C	0x02C10800  	134218433
0x80000A0	0x02C10800  	134218433
0x80000A4	0x02C10800  	134218433
0x80000A8	0x02C10800  	134218433
0x80000AC	0x02C10800  	134218433
0x80000B0	0x02C10800  	134218433
0x80000B4	0x02C10800  	134218433
0x80000B8	0x02C10800  	134218433
0x80000BC	0x02C10800  	134218433
0x80000C0	0x02C10800  	134218433
0x80000C4	0x02C10800  	134218433
0x80000C8	0x02C10800  	134218433
0x80000CC	0x02C10800  	134218433
0x80000D0	0x02C10800  	134218433
0x80000D4	0x02C10800  	134218433
0x80000D8	0x02C10800  	134218433
0x80000DC	0x02C10800  	134218433
0x80000E0	0x02C10800  	134218433
0x80000E4	0x02C10800  	134218433
0x80000E8	0x02C10800  	134218433
0x80000EC	0x02C10800  	134218433
0x80000F0	0x02C10800  	134218433
0x80000F4	0x02C10800  	134218433
0x80000F8	0x02C10800  	134218433
0x80000FC	0x02C10800  	134218433
0x8000100	0x02C10800  	134218433
0x8000104	0x02C10800  	134218433
0x8000108	0x02C10800  	134218433
0x800010C	0x02C10800  	134218433
0x8000110	0x02C10800  	134218433
0x8000114	0x02C10800  	134218433
0x8000118	0x02C10800  	134218433
0x800011C	0x02C10800  	134218433
0x8000120	0x02C10800  	134218433
0x8000124	0x02C10800  	134218433
0x8000128	0x02C10800  	134218433
0x800012C	0x02C10800  	134218433
0x8000130	0x02C10800  	134218433
0x8000134	0x02C10800  	134218433
0x8000138	0x02C10800  	134218433
0x800013C	0x02C10800  	134218433
0x8000140	0x02C10800  	134218433
0x8000144	0x02C10800  	134218433
0x8000148	0x02C10800  	134218433
0x800014C	0x02C10800  	134218433
0x8000150	0x02C10800  	134218433
0x8000154	0x02C10800  	134218433
0x8000158	0x02C10800  	134218433
0x800015C	0x02C10800  	134218433
0x8000160	0x02C10800  	134218433
0x8000164	0x02C10800  	134218433
0x8000168	0x02C10800  	134218433
0x800016C	0x02C10800  	134218433
0x8000170	0x02C10800  	134218433
0x8000174	0x02C10800  	134218433
0x8000178	0x02C10800  	134218433
0x800017C	0x02C10800  	134218433
0x8000180	0x02C10800  	134218433
0x8000184	0x02C10800  	134218433
0x8000188	0x02C10800  	134218433
0x800018C	0x02C10800  	134218433
0x8000190	0x02C10800  	134218433
0x8000194	0x02C10800  	134218433
0x8000198	0x02C10800  	134218433
0x800019C	0x02C10800  	134218433
0x80001A0	0x02C10800  	134218433
0x80001A4	0x02C10800  	134218433
0x80001A8	0x02C10800  	134218433
0x80001AC	0x02C10800  	134218433
0x80001B0	0x02C10800  	134218433
0x80001B4	0x02C10800  	134218433
0x80001B8	0x02C10800  	134218433
0x80001BC	0x02C10800  	134218433
0x80001C0	0x02C10800  	134218433
0x80001C4	0x02C10800  	134218433
; end of ____SysVT
_main:
;ADCLED_YAK.c, 1 :: 		void main() {
0x8000760	0xF7FFFDDE  BL	134218528
0x8000764	0xF7FFFDB0  BL	134218440
0x8000768	0xF000F804  BL	134219636
0x800076C	0xF7FFFDC6  BL	134218492
;ADCLED_YAK.c, 3 :: 		}
L_end_main:
L__main_end_loop:
0x8000770	0xE7FE    B	L__main_end_loop
; end of _main
___FillZeros:
;__Lib_System_F7xx.c, 86 :: 		
0x8000284	0xB081    SUB	SP, SP, #4
;__Lib_System_F7xx.c, 88 :: 		
0x8000286	0xF04F0900  MOV	R9, #0
;__Lib_System_F7xx.c, 89 :: 		
0x800028A	0xF04F0C00  MOV	R12, #0
;__Lib_System_F7xx.c, 90 :: 		
0x800028E	0xEBBD0F0A  CMP	SP, R10, LSL #0
;__Lib_System_F7xx.c, 91 :: 		
0x8000292	0xDC04    BGT	L_loopFZs
;__Lib_System_F7xx.c, 92 :: 		
0x8000294	0xEBBD0F0B  CMP	SP, R11, LSL #0
;__Lib_System_F7xx.c, 93 :: 		
0x8000298	0xDB01    BLT	L_loopFZs
;__Lib_System_F7xx.c, 94 :: 		
0x800029A	0x46D4    MOV	R12, R10
;__Lib_System_F7xx.c, 95 :: 		
0x800029C	0x46EA    MOV	R10, SP
;__Lib_System_F7xx.c, 96 :: 		
L_loopFZs:
;__Lib_System_F7xx.c, 97 :: 		
0x800029E	0xF84B9B04  STR	R9, [R11], #4
;__Lib_System_F7xx.c, 98 :: 		
0x80002A2	0xEBBB0F0A  CMP	R11, R10, LSL #0
;__Lib_System_F7xx.c, 99 :: 		
0x80002A6	0xD1FA    BNE	L_loopFZs
;__Lib_System_F7xx.c, 100 :: 		
0x80002A8	0xEBBC0F0A  CMP	R12, R10, LSL #0
;__Lib_System_F7xx.c, 101 :: 		
0x80002AC	0xDD05    BLE	L_norep
;__Lib_System_F7xx.c, 102 :: 		
0x80002AE	0x46E2    MOV	R10, R12
;__Lib_System_F7xx.c, 103 :: 		
0x80002B0	0xF8D9B000  LDR	R11, [R9, #0]
;__Lib_System_F7xx.c, 104 :: 		
0x80002B4	0xF10B0B04  ADD	R11, R11, #4
;__Lib_System_F7xx.c, 105 :: 		
0x80002B8	0xE7F1    B	L_loopFZs
;__Lib_System_F7xx.c, 106 :: 		
L_norep:
;__Lib_System_F7xx.c, 108 :: 		
L_end___FillZeros:
0x80002BA	0xB001    ADD	SP, SP, #4
0x80002BC	0x4770    BX	LR
; end of ___FillZeros
___CC2DW:
;__Lib_System_F7xx.c, 44 :: 		
0x8000270	0xB081    SUB	SP, SP, #4
;__Lib_System_F7xx.c, 46 :: 		
L_loopDW:
;__Lib_System_F7xx.c, 47 :: 		
0x8000272	0xF81C9B01  LDRB	R9, [R12], #1
;__Lib_System_F7xx.c, 48 :: 		
0x8000276	0xF80B9B01  STRB	R9, [R11], #1
;__Lib_System_F7xx.c, 49 :: 		
0x800027A	0xEBBB0F0A  CMP	R11, R10, LSL #0
;__Lib_System_F7xx.c, 50 :: 		
0x800027E	0xD1F8    BNE	L_loopDW
;__Lib_System_F7xx.c, 52 :: 		
L_end___CC2DW:
0x8000280	0xB001    ADD	SP, SP, #4
0x8000282	0x4770    BX	LR
; end of ___CC2DW
__Lib_System_F7xx_InitialSetUpRCCRCC2:
;__Lib_System_F7xx.c, 541 :: 		
0x8000320	0xB082    SUB	SP, SP, #8
0x8000322	0xF8CDE000  STR	LR, [SP, #0]
;__Lib_System_F7xx.c, 544 :: 		
; ulRCC_CR start address is: 8 (R2)
0x8000326	0x4A8B    LDR	R2, [PC, #556]
;__Lib_System_F7xx.c, 545 :: 		
; ulRCC_PLLCFGR start address is: 12 (R3)
0x8000328	0x4B8B    LDR	R3, [PC, #556]
;__Lib_System_F7xx.c, 546 :: 		
; ulRCC_CFGR start address is: 16 (R4)
0x800032A	0x4C8C    LDR	R4, [PC, #560]
;__Lib_System_F7xx.c, 547 :: 		
; ulVOLTAGE_RANGE start address is: 20 (R5)
0x800032C	0x4D8C    LDR	R5, [PC, #560]
;__Lib_System_F7xx.c, 548 :: 		
; Fosc_kHz start address is: 24 (R6)
0x800032E	0x4E8D    LDR	R6, [PC, #564]
;__Lib_System_F7xx.c, 551 :: 		
0x8000330	0xF7FFFF4A  BL	__Lib_System_F7xx_SystemClockSetDefault+0
;__Lib_System_F7xx.c, 556 :: 		
0x8000334	0x488C    LDR	R0, [PC, #560]
0x8000336	0x6800    LDR	R0, [R0, #0]
0x8000338	0xF0405180  ORR	R1, R0, #268435456
0x800033C	0x488A    LDR	R0, [PC, #552]
0x800033E	0x6001    STR	R1, [R0, #0]
;__Lib_System_F7xx.c, 558 :: 		
0x8000340	0x488A    LDR	R0, [PC, #552]
0x8000342	0x6800    LDR	R0, [R0, #0]
0x8000344	0xF4404140  ORR	R1, R0, #49152
0x8000348	0x4888    LDR	R0, [PC, #544]
0x800034A	0x6001    STR	R1, [R0, #0]
;__Lib_System_F7xx.c, 560 :: 		
0x800034C	0x4888    LDR	R0, [PC, #544]
0x800034E	0x6800    LDR	R0, [R0, #0]
0x8000350	0xF4407180  ORR	R1, R0, #256
0x8000354	0x4886    LDR	R0, [PC, #536]
0x8000356	0x6001    STR	R1, [R0, #0]
;__Lib_System_F7xx.c, 562 :: 		
0x8000358	0x2D03    CMP	R5, #3
0x800035A	0xF0408050  BNE	L___Lib_System_F7xx_InitialSetUpRCCRCC238
; ulVOLTAGE_RANGE end address is: 20 (R5)
;__Lib_System_F7xx.c, 563 :: 		
0x800035E	0x4885    LDR	R0, [PC, #532]
0x8000360	0x4286    CMP	R6, R0
0x8000362	0xD906    BLS	L___Lib_System_F7xx_InitialSetUpRCCRCC239
; Fosc_kHz end address is: 24 (R6)
;__Lib_System_F7xx.c, 564 :: 		
0x8000364	0x4882    LDR	R0, [PC, #520]
0x8000366	0x6800    LDR	R0, [R0, #0]
0x8000368	0xF0400107  ORR	R1, R0, #7
0x800036C	0x4880    LDR	R0, [PC, #512]
0x800036E	0x6001    STR	R1, [R0, #0]
0x8000370	0xE044    B	L___Lib_System_F7xx_InitialSetUpRCCRCC240
L___Lib_System_F7xx_InitialSetUpRCCRCC239:
;__Lib_System_F7xx.c, 565 :: 		
; Fosc_kHz start address is: 24 (R6)
0x8000372	0x4881    LDR	R0, [PC, #516]
0x8000374	0x4286    CMP	R6, R0
0x8000376	0xD906    BLS	L___Lib_System_F7xx_InitialSetUpRCCRCC241
; Fosc_kHz end address is: 24 (R6)
;__Lib_System_F7xx.c, 566 :: 		
0x8000378	0x487D    LDR	R0, [PC, #500]
0x800037A	0x6800    LDR	R0, [R0, #0]
0x800037C	0xF0400106  ORR	R1, R0, #6
0x8000380	0x487B    LDR	R0, [PC, #492]
0x8000382	0x6001    STR	R1, [R0, #0]
0x8000384	0xE03A    B	L___Lib_System_F7xx_InitialSetUpRCCRCC242
L___Lib_System_F7xx_InitialSetUpRCCRCC241:
;__Lib_System_F7xx.c, 567 :: 		
; Fosc_kHz start address is: 24 (R6)
0x8000386	0x487D    LDR	R0, [PC, #500]
0x8000388	0x4286    CMP	R6, R0
0x800038A	0xD906    BLS	L___Lib_System_F7xx_InitialSetUpRCCRCC243
; Fosc_kHz end address is: 24 (R6)
;__Lib_System_F7xx.c, 568 :: 		
0x800038C	0x4878    LDR	R0, [PC, #480]
0x800038E	0x6800    LDR	R0, [R0, #0]
0x8000390	0xF0400105  ORR	R1, R0, #5
0x8000394	0x4876    LDR	R0, [PC, #472]
0x8000396	0x6001    STR	R1, [R0, #0]
0x8000398	0xE030    B	L___Lib_System_F7xx_InitialSetUpRCCRCC244
L___Lib_System_F7xx_InitialSetUpRCCRCC243:
;__Lib_System_F7xx.c, 569 :: 		
; Fosc_kHz start address is: 24 (R6)
0x800039A	0x4879    LDR	R0, [PC, #484]
0x800039C	0x4286    CMP	R6, R0
0x800039E	0xD906    BLS	L___Lib_System_F7xx_InitialSetUpRCCRCC245
; Fosc_kHz end address is: 24 (R6)
;__Lib_System_F7xx.c, 570 :: 		
0x80003A0	0x4873    LDR	R0, [PC, #460]
0x80003A2	0x6800    LDR	R0, [R0, #0]
0x80003A4	0xF0400104  ORR	R1, R0, #4
0x80003A8	0x4871    LDR	R0, [PC, #452]
0x80003AA	0x6001    STR	R1, [R0, #0]
0x80003AC	0xE026    B	L___Lib_System_F7xx_InitialSetUpRCCRCC246
L___Lib_System_F7xx_InitialSetUpRCCRCC245:
;__Lib_System_F7xx.c, 571 :: 		
; Fosc_kHz start address is: 24 (R6)
0x80003AE	0x4875    LDR	R0, [PC, #468]
0x80003B0	0x4286    CMP	R6, R0
0x80003B2	0xD906    BLS	L___Lib_System_F7xx_InitialSetUpRCCRCC247
; Fosc_kHz end address is: 24 (R6)
;__Lib_System_F7xx.c, 572 :: 		
0x80003B4	0x486E    LDR	R0, [PC, #440]
0x80003B6	0x6800    LDR	R0, [R0, #0]
0x80003B8	0xF0400103  ORR	R1, R0, #3
0x80003BC	0x486C    LDR	R0, [PC, #432]
0x80003BE	0x6001    STR	R1, [R0, #0]
0x80003C0	0xE01C    B	L___Lib_System_F7xx_InitialSetUpRCCRCC248
L___Lib_System_F7xx_InitialSetUpRCCRCC247:
;__Lib_System_F7xx.c, 573 :: 		
; Fosc_kHz start address is: 24 (R6)
0x80003C2	0xF64E2060  MOVW	R0, #60000
0x80003C6	0x4286    CMP	R6, R0
0x80003C8	0xD906    BLS	L___Lib_System_F7xx_InitialSetUpRCCRCC249
; Fosc_kHz end address is: 24 (R6)
;__Lib_System_F7xx.c, 574 :: 		
0x80003CA	0x4869    LDR	R0, [PC, #420]
0x80003CC	0x6800    LDR	R0, [R0, #0]
0x80003CE	0xF0400102  ORR	R1, R0, #2
0x80003D2	0x4867    LDR	R0, [PC, #412]
0x80003D4	0x6001    STR	R1, [R0, #0]
0x80003D6	0xE011    B	L___Lib_System_F7xx_InitialSetUpRCCRCC250
L___Lib_System_F7xx_InitialSetUpRCCRCC249:
;__Lib_System_F7xx.c, 575 :: 		
; Fosc_kHz start address is: 24 (R6)
0x80003D8	0xF2475030  MOVW	R0, #30000
0x80003DC	0x4286    CMP	R6, R0
0x80003DE	0xD906    BLS	L___Lib_System_F7xx_InitialSetUpRCCRCC251
; Fosc_kHz end address is: 24 (R6)
;__Lib_System_F7xx.c, 576 :: 		
0x80003E0	0x4863    LDR	R0, [PC, #396]
0x80003E2	0x6800    LDR	R0, [R0, #0]
0x80003E4	0xF0400101  ORR	R1, R0, #1
0x80003E8	0x4861    LDR	R0, [PC, #388]
0x80003EA	0x6001    STR	R1, [R0, #0]
0x80003EC	0xE006    B	L___Lib_System_F7xx_InitialSetUpRCCRCC252
L___Lib_System_F7xx_InitialSetUpRCCRCC251:
;__Lib_System_F7xx.c, 578 :: 		
0x80003EE	0x4860    LDR	R0, [PC, #384]
0x80003F0	0x6801    LDR	R1, [R0, #0]
0x80003F2	0xF06F000F  MVN	R0, #15
0x80003F6	0x4001    ANDS	R1, R0
0x80003F8	0x485D    LDR	R0, [PC, #372]
0x80003FA	0x6001    STR	R1, [R0, #0]
L___Lib_System_F7xx_InitialSetUpRCCRCC252:
L___Lib_System_F7xx_InitialSetUpRCCRCC250:
L___Lib_System_F7xx_InitialSetUpRCCRCC248:
L___Lib_System_F7xx_InitialSetUpRCCRCC246:
L___Lib_System_F7xx_InitialSetUpRCCRCC244:
L___Lib_System_F7xx_InitialSetUpRCCRCC242:
L___Lib_System_F7xx_InitialSetUpRCCRCC240:
;__Lib_System_F7xx.c, 579 :: 		
0x80003FC	0xE153    B	L___Lib_System_F7xx_InitialSetUpRCCRCC253
L___Lib_System_F7xx_InitialSetUpRCCRCC238:
;__Lib_System_F7xx.c, 580 :: 		
; Fosc_kHz start address is: 24 (R6)
; ulVOLTAGE_RANGE start address is: 20 (R5)
0x80003FE	0x2D02    CMP	R5, #2
0x8000400	0xF040805A  BNE	L___Lib_System_F7xx_InitialSetUpRCCRCC254
; ulVOLTAGE_RANGE end address is: 20 (R5)
;__Lib_System_F7xx.c, 581 :: 		
0x8000404	0x4860    LDR	R0, [PC, #384]
0x8000406	0x4286    CMP	R6, R0
0x8000408	0xD906    BLS	L___Lib_System_F7xx_InitialSetUpRCCRCC255
; Fosc_kHz end address is: 24 (R6)
;__Lib_System_F7xx.c, 582 :: 		
0x800040A	0x4859    LDR	R0, [PC, #356]
0x800040C	0x6800    LDR	R0, [R0, #0]
0x800040E	0xF0400108  ORR	R1, R0, #8
0x8000412	0x4857    LDR	R0, [PC, #348]
0x8000414	0x6001    STR	R1, [R0, #0]
0x8000416	0xE04E    B	L___Lib_System_F7xx_InitialSetUpRCCRCC256
L___Lib_System_F7xx_InitialSetUpRCCRCC255:
;__Lib_System_F7xx.c, 583 :: 		
; Fosc_kHz start address is: 24 (R6)
0x8000418	0x485C    LDR	R0, [PC, #368]
0x800041A	0x4286    CMP	R6, R0
0x800041C	0xD906    BLS	L___Lib_System_F7xx_InitialSetUpRCCRCC257
; Fosc_kHz end address is: 24 (R6)
;__Lib_System_F7xx.c, 584 :: 		
0x800041E	0x4854    LDR	R0, [PC, #336]
0x8000420	0x6800    LDR	R0, [R0, #0]
0x8000422	0xF0400107  ORR	R1, R0, #7
0x8000426	0x4852    LDR	R0, [PC, #328]
0x8000428	0x6001    STR	R1, [R0, #0]
0x800042A	0xE044    B	L___Lib_System_F7xx_InitialSetUpRCCRCC258
L___Lib_System_F7xx_InitialSetUpRCCRCC257:
;__Lib_System_F7xx.c, 585 :: 		
; Fosc_kHz start address is: 24 (R6)
0x800042C	0x4858    LDR	R0, [PC, #352]
0x800042E	0x4286    CMP	R6, R0
0x8000430	0xD906    BLS	L___Lib_System_F7xx_InitialSetUpRCCRCC259
; Fosc_kHz end address is: 24 (R6)
;__Lib_System_F7xx.c, 586 :: 		
0x8000432	0x484F    LDR	R0, [PC, #316]
0x8000434	0x6800    LDR	R0, [R0, #0]
0x8000436	0xF0400106  ORR	R1, R0, #6
0x800043A	0x484D    LDR	R0, [PC, #308]
0x800043C	0x6001    STR	R1, [R0, #0]
0x800043E	0xE03A    B	L___Lib_System_F7xx_InitialSetUpRCCRCC260
L___Lib_System_F7xx_InitialSetUpRCCRCC259:
;__Lib_System_F7xx.c, 587 :: 		
; Fosc_kHz start address is: 24 (R6)
0x8000440	0x484F    LDR	R0, [PC, #316]
0x8000442	0x4286    CMP	R6, R0
0x8000444	0xD906    BLS	L___Lib_System_F7xx_InitialSetUpRCCRCC261
; Fosc_kHz end address is: 24 (R6)
;__Lib_System_F7xx.c, 588 :: 		
0x8000446	0x484A    LDR	R0, [PC, #296]
0x8000448	0x6800    LDR	R0, [R0, #0]
0x800044A	0xF0400105  ORR	R1, R0, #5
0x800044E	0x4848    LDR	R0, [PC, #288]
0x8000450	0x6001    STR	R1, [R0, #0]
0x8000452	0xE030    B	L___Lib_System_F7xx_InitialSetUpRCCRCC262
L___Lib_System_F7xx_InitialSetUpRCCRCC261:
;__Lib_System_F7xx.c, 589 :: 		
; Fosc_kHz start address is: 24 (R6)
0x8000454	0x484F    LDR	R0, [PC, #316]
0x8000456	0x4286    CMP	R6, R0
0x8000458	0xD906    BLS	L___Lib_System_F7xx_InitialSetUpRCCRCC263
; Fosc_kHz end address is: 24 (R6)
;__Lib_System_F7xx.c, 590 :: 		
0x800045A	0x4845    LDR	R0, [PC, #276]
0x800045C	0x6800    LDR	R0, [R0, #0]
0x800045E	0xF0400104  ORR	R1, R0, #4
0x8000462	0x4843    LDR	R0, [PC, #268]
0x8000464	0x6001    STR	R1, [R0, #0]
0x8000466	0xE026    B	L___Lib_System_F7xx_InitialSetUpRCCRCC264
L___Lib_System_F7xx_InitialSetUpRCCRCC263:
;__Lib_System_F7xx.c, 591 :: 		
; Fosc_kHz start address is: 24 (R6)
0x8000468	0x484B    LDR	R0, [PC, #300]
0x800046A	0x4286    CMP	R6, R0
0x800046C	0xD906    BLS	L___Lib_System_F7xx_InitialSetUpRCCRCC265
; Fosc_kHz end address is: 24 (R6)
;__Lib_System_F7xx.c, 592 :: 		
0x800046E	0x4840    LDR	R0, [PC, #256]
0x8000470	0x6800    LDR	R0, [R0, #0]
0x8000472	0xF0400103  ORR	R1, R0, #3
0x8000476	0x483E    LDR	R0, [PC, #248]
0x8000478	0x6001    STR	R1, [R0, #0]
0x800047A	0xE01C    B	L___Lib_System_F7xx_InitialSetUpRCCRCC266
L___Lib_System_F7xx_InitialSetUpRCCRCC265:
;__Lib_System_F7xx.c, 593 :: 		
; Fosc_kHz start address is: 24 (R6)
0x800047C	0xF64B3080  MOVW	R0, #48000
0x8000480	0x4286    CMP	R6, R0
0x8000482	0xD906    BLS	L___Lib_System_F7xx_InitialSetUpRCCRCC267
; Fosc_kHz end address is: 24 (R6)
;__Lib_System_F7xx.c, 594 :: 		
0x8000484	0x483A    LDR	R0, [PC, #232]
0x8000486	0x6800    LDR	R0, [R0, #0]
0x8000488	0xF0400102  ORR	R1, R0, #2
0x800048C	0x4838    LDR	R0, [PC, #224]
0x800048E	0x6001    STR	R1, [R0, #0]
0x8000490	0xE011    B	L___Lib_System_F7xx_InitialSetUpRCCRCC268
L___Lib_System_F7xx_InitialSetUpRCCRCC267:
;__Lib_System_F7xx.c, 595 :: 		
; Fosc_kHz start address is: 24 (R6)
0x8000492	0xF64550C0  MOVW	R0, #24000
0x8000496	0x4286    CMP	R6, R0
0x8000498	0xD906    BLS	L___Lib_System_F7xx_InitialSetUpRCCRCC269
; Fosc_kHz end address is: 24 (R6)
;__Lib_System_F7xx.c, 596 :: 		
0x800049A	0x4835    LDR	R0, [PC, #212]
0x800049C	0x6800    LDR	R0, [R0, #0]
0x800049E	0xF0400101  ORR	R1, R0, #1
0x80004A2	0x4833    LDR	R0, [PC, #204]
0x80004A4	0x6001    STR	R1, [R0, #0]
0x80004A6	0xE006    B	L___Lib_System_F7xx_InitialSetUpRCCRCC270
L___Lib_System_F7xx_InitialSetUpRCCRCC269:
;__Lib_System_F7xx.c, 598 :: 		
0x80004A8	0x4831    LDR	R0, [PC, #196]
0x80004AA	0x6801    LDR	R1, [R0, #0]
0x80004AC	0xF06F000F  MVN	R0, #15
0x80004B0	0x4001    ANDS	R1, R0
0x80004B2	0x482F    LDR	R0, [PC, #188]
0x80004B4	0x6001    STR	R1, [R0, #0]
L___Lib_System_F7xx_InitialSetUpRCCRCC270:
L___Lib_System_F7xx_InitialSetUpRCCRCC268:
L___Lib_System_F7xx_InitialSetUpRCCRCC266:
L___Lib_System_F7xx_InitialSetUpRCCRCC264:
L___Lib_System_F7xx_InitialSetUpRCCRCC262:
L___Lib_System_F7xx_InitialSetUpRCCRCC260:
L___Lib_System_F7xx_InitialSetUpRCCRCC258:
L___Lib_System_F7xx_InitialSetUpRCCRCC256:
;__Lib_System_F7xx.c, 599 :: 		
0x80004B6	0xE0F6    B	L___Lib_System_F7xx_InitialSetUpRCCRCC271
L___Lib_System_F7xx_InitialSetUpRCCRCC254:
;__Lib_System_F7xx.c, 600 :: 		
; Fosc_kHz start address is: 24 (R6)
; ulVOLTAGE_RANGE start address is: 20 (R5)
0x80004B8	0x2D01    CMP	R5, #1
0x80004BA	0xF0408097  BNE	L___Lib_System_F7xx_InitialSetUpRCCRCC272
; ulVOLTAGE_RANGE end address is: 20 (R5)
;__Lib_System_F7xx.c, 601 :: 		
0x80004BE	0x4837    LDR	R0, [PC, #220]
0x80004C0	0x4286    CMP	R6, R0
0x80004C2	0xD906    BLS	L___Lib_System_F7xx_InitialSetUpRCCRCC273
; Fosc_kHz end address is: 24 (R6)
;__Lib_System_F7xx.c, 602 :: 		
0x80004C4	0x482A    LDR	R0, [PC, #168]
0x80004C6	0x6800    LDR	R0, [R0, #0]
0x80004C8	0xF0400109  ORR	R1, R0, #9
0x80004CC	0x4828    LDR	R0, [PC, #160]
0x80004CE	0x6001    STR	R1, [R0, #0]
0x80004D0	0xE08B    B	L___Lib_System_F7xx_InitialSetUpRCCRCC274
L___Lib_System_F7xx_InitialSetUpRCCRCC273:
;__Lib_System_F7xx.c, 603 :: 		
; Fosc_kHz start address is: 24 (R6)
0x80004D2	0x4833    LDR	R0, [PC, #204]
0x80004D4	0x4286    CMP	R6, R0
0x80004D6	0xD906    BLS	L___Lib_System_F7xx_InitialSetUpRCCRCC275
; Fosc_kHz end address is: 24 (R6)
;__Lib_System_F7xx.c, 604 :: 		
0x80004D8	0x4825    LDR	R0, [PC, #148]
0x80004DA	0x6800    LDR	R0, [R0, #0]
0x80004DC	0xF0400108  ORR	R1, R0, #8
0x80004E0	0x4823    LDR	R0, [PC, #140]
0x80004E2	0x6001    STR	R1, [R0, #0]
0x80004E4	0xE081    B	L___Lib_System_F7xx_InitialSetUpRCCRCC276
L___Lib_System_F7xx_InitialSetUpRCCRCC275:
;__Lib_System_F7xx.c, 605 :: 		
; Fosc_kHz start address is: 24 (R6)
0x80004E6	0x482F    LDR	R0, [PC, #188]
0x80004E8	0x4286    CMP	R6, R0
0x80004EA	0xD906    BLS	L___Lib_System_F7xx_InitialSetUpRCCRCC277
; Fosc_kHz end address is: 24 (R6)
;__Lib_System_F7xx.c, 606 :: 		
0x80004EC	0x4820    LDR	R0, [PC, #128]
0x80004EE	0x6800    LDR	R0, [R0, #0]
0x80004F0	0xF0400107  ORR	R1, R0, #7
0x80004F4	0x481E    LDR	R0, [PC, #120]
0x80004F6	0x6001    STR	R1, [R0, #0]
0x80004F8	0xE077    B	L___Lib_System_F7xx_InitialSetUpRCCRCC278
L___Lib_System_F7xx_InitialSetUpRCCRCC277:
;__Lib_System_F7xx.c, 607 :: 		
; Fosc_kHz start address is: 24 (R6)
0x80004FA	0x482B    LDR	R0, [PC, #172]
0x80004FC	0x4286    CMP	R6, R0
0x80004FE	0xD906    BLS	L___Lib_System_F7xx_InitialSetUpRCCRCC279
; Fosc_kHz end address is: 24 (R6)
;__Lib_System_F7xx.c, 608 :: 		
0x8000500	0x481B    LDR	R0, [PC, #108]
0x8000502	0x6800    LDR	R0, [R0, #0]
0x8000504	0xF0400106  ORR	R1, R0, #6
0x8000508	0x4819    LDR	R0, [PC, #100]
0x800050A	0x6001    STR	R1, [R0, #0]
0x800050C	0xE06D    B	L___Lib_System_F7xx_InitialSetUpRCCRCC280
L___Lib_System_F7xx_InitialSetUpRCCRCC279:
;__Lib_System_F7xx.c, 609 :: 		
; Fosc_kHz start address is: 24 (R6)
0x800050E	0x4827    LDR	R0, [PC, #156]
0x8000510	0x4286    CMP	R6, R0
0x8000512	0xD906    BLS	L___Lib_System_F7xx_InitialSetUpRCCRCC281
; Fosc_kHz end address is: 24 (R6)
;__Lib_System_F7xx.c, 610 :: 		
0x8000514	0x4816    LDR	R0, [PC, #88]
0x8000516	0x6800    LDR	R0, [R0, #0]
0x8000518	0xF0400105  ORR	R1, R0, #5
0x800051C	0x4814    LDR	R0, [PC, #80]
0x800051E	0x6001    STR	R1, [R0, #0]
0x8000520	0xE063    B	L___Lib_System_F7xx_InitialSetUpRCCRCC282
L___Lib_System_F7xx_InitialSetUpRCCRCC281:
;__Lib_System_F7xx.c, 611 :: 		
; Fosc_kHz start address is: 24 (R6)
0x8000522	0x4823    LDR	R0, [PC, #140]
0x8000524	0x4286    CMP	R6, R0
0x8000526	0xD906    BLS	L___Lib_System_F7xx_InitialSetUpRCCRCC283
; Fosc_kHz end address is: 24 (R6)
;__Lib_System_F7xx.c, 612 :: 		
0x8000528	0x4811    LDR	R0, [PC, #68]
0x800052A	0x6800    LDR	R0, [R0, #0]
0x800052C	0xF0400104  ORR	R1, R0, #4
0x8000530	0x480F    LDR	R0, [PC, #60]
0x8000532	0x6001    STR	R1, [R0, #0]
0x8000534	0xE059    B	L___Lib_System_F7xx_InitialSetUpRCCRCC284
L___Lib_System_F7xx_InitialSetUpRCCRCC283:
;__Lib_System_F7xx.c, 613 :: 		
; Fosc_kHz start address is: 24 (R6)
0x8000536	0x481F    LDR	R0, [PC, #124]
0x8000538	0x4286    CMP	R6, R0
0x800053A	0xD906    BLS	L___Lib_System_F7xx_InitialSetUpRCCRCC285
; Fosc_kHz end address is: 24 (R6)
;__Lib_System_F7xx.c, 614 :: 		
0x800053C	0x480C    LDR	R0, [PC, #48]
0x800053E	0x6800    LDR	R0, [R0, #0]
0x8000540	0xF0400103  ORR	R1, R0, #3
0x8000544	0x480A    LDR	R0, [PC, #40]
0x8000546	0x6001    STR	R1, [R0, #0]
0x8000548	0xE04F    B	L___Lib_System_F7xx_InitialSetUpRCCRCC286
L___Lib_System_F7xx_InitialSetUpRCCRCC285:
;__Lib_System_F7xx.c, 615 :: 		
; Fosc_kHz start address is: 24 (R6)
0x800054A	0xF64A30E0  MOVW	R0, #44000
0x800054E	0x4286    CMP	R6, R0
0x8000550	0xD939    BLS	L___Lib_System_F7xx_InitialSetUpRCCRCC287
; Fosc_kHz end address is: 24 (R6)
;__Lib_System_F7xx.c, 616 :: 		
0x8000552	0xE031    B	#98
0x8000554	0x00810000  	#129
0x8000558	0x30100400  	#67121168
0x800055C	0x00000000  	#0
0x8000560	0x00030000  	#3
0x8000564	0x3E800000  	#16000
0x8000568	0x38404002  	RCC_APB1ENR+0
0x800056C	0x70004000  	PWR_CR1+0
0x8000570	0x3C004002  	FLASH_ACR+0
0x8000574	0x34500003  	#210000
0x8000578	0xBF200002  	#180000
0x800057C	0x49F00002  	#150000
0x8000580	0xD4C00001  	#120000
0x8000584	0x5F900001  	#90000
0x8000588	0xEE000002  	#192000
0x800058C	0x90400002  	#168000
0x8000590	0x32800002  	#144000
0x8000594	0x77000001  	#96000
0x8000598	0x19400001  	#72000
0x800059C	0x05700003  	#198000
0x80005A0	0xAF800002  	#176000
0x80005A4	0x59900002  	#154000
0x80005A8	0x03A00002  	#132000
0x80005AC	0xADB00001  	#110000
0x80005B0	0x57C00001  	#88000
0x80005B4	0x01D00001  	#66000
0x80005B8	0x485F    LDR	R0, [PC, #380]
0x80005BA	0x6800    LDR	R0, [R0, #0]
0x80005BC	0xF0400102  ORR	R1, R0, #2
0x80005C0	0x485D    LDR	R0, [PC, #372]
0x80005C2	0x6001    STR	R1, [R0, #0]
0x80005C4	0xE011    B	L___Lib_System_F7xx_InitialSetUpRCCRCC288
L___Lib_System_F7xx_InitialSetUpRCCRCC287:
;__Lib_System_F7xx.c, 617 :: 		
; Fosc_kHz start address is: 24 (R6)
0x80005C6	0xF24550F0  MOVW	R0, #22000
0x80005CA	0x4286    CMP	R6, R0
0x80005CC	0xD906    BLS	L___Lib_System_F7xx_InitialSetUpRCCRCC289
; Fosc_kHz end address is: 24 (R6)
;__Lib_System_F7xx.c, 618 :: 		
0x80005CE	0x485A    LDR	R0, [PC, #360]
0x80005D0	0x6800    LDR	R0, [R0, #0]
0x80005D2	0xF0400101  ORR	R1, R0, #1
0x80005D6	0x4858    LDR	R0, [PC, #352]
0x80005D8	0x6001    STR	R1, [R0, #0]
0x80005DA	0xE006    B	L___Lib_System_F7xx_InitialSetUpRCCRCC290
L___Lib_System_F7xx_InitialSetUpRCCRCC289:
;__Lib_System_F7xx.c, 620 :: 		
0x80005DC	0x4856    LDR	R0, [PC, #344]
0x80005DE	0x6801    LDR	R1, [R0, #0]
0x80005E0	0xF06F000F  MVN	R0, #15
0x80005E4	0x4001    ANDS	R1, R0
0x80005E6	0x4854    LDR	R0, [PC, #336]
0x80005E8	0x6001    STR	R1, [R0, #0]
L___Lib_System_F7xx_InitialSetUpRCCRCC290:
L___Lib_System_F7xx_InitialSetUpRCCRCC288:
L___Lib_System_F7xx_InitialSetUpRCCRCC286:
L___Lib_System_F7xx_InitialSetUpRCCRCC284:
L___Lib_System_F7xx_InitialSetUpRCCRCC282:
L___Lib_System_F7xx_InitialSetUpRCCRCC280:
L___Lib_System_F7xx_InitialSetUpRCCRCC278:
L___Lib_System_F7xx_InitialSetUpRCCRCC276:
L___Lib_System_F7xx_InitialSetUpRCCRCC274:
;__Lib_System_F7xx.c, 621 :: 		
0x80005EA	0xE05C    B	L___Lib_System_F7xx_InitialSetUpRCCRCC291
L___Lib_System_F7xx_InitialSetUpRCCRCC272:
;__Lib_System_F7xx.c, 622 :: 		
; Fosc_kHz start address is: 24 (R6)
; ulVOLTAGE_RANGE start address is: 20 (R5)
0x80005EC	0x2D00    CMP	R5, #0
0x80005EE	0xF040805A  BNE	L___Lib_System_F7xx_InitialSetUpRCCRCC292
; ulVOLTAGE_RANGE end address is: 20 (R5)
;__Lib_System_F7xx.c, 623 :: 		
0x80005F2	0x4852    LDR	R0, [PC, #328]
0x80005F4	0x4286    CMP	R6, R0
0x80005F6	0xD906    BLS	L___Lib_System_F7xx_InitialSetUpRCCRCC293
; Fosc_kHz end address is: 24 (R6)
;__Lib_System_F7xx.c, 624 :: 		
0x80005F8	0x484F    LDR	R0, [PC, #316]
0x80005FA	0x6800    LDR	R0, [R0, #0]
0x80005FC	0xF0400108  ORR	R1, R0, #8
0x8000600	0x484D    LDR	R0, [PC, #308]
0x8000602	0x6001    STR	R1, [R0, #0]
0x8000604	0xE04F    B	L___Lib_System_F7xx_InitialSetUpRCCRCC294
L___Lib_System_F7xx_InitialSetUpRCCRCC293:
;__Lib_System_F7xx.c, 625 :: 		
; Fosc_kHz start address is: 24 (R6)
0x8000606	0x484E    LDR	R0, [PC, #312]
0x8000608	0x4286    CMP	R6, R0
0x800060A	0xD906    BLS	L___Lib_System_F7xx_InitialSetUpRCCRCC295
; Fosc_kHz end address is: 24 (R6)
;__Lib_System_F7xx.c, 626 :: 		
0x800060C	0x484A    LDR	R0, [PC, #296]
0x800060E	0x6800    LDR	R0, [R0, #0]
0x8000610	0xF0400107  ORR	R1, R0, #7
0x8000614	0x4848    LDR	R0, [PC, #288]
0x8000616	0x6001    STR	R1, [R0, #0]
0x8000618	0xE045    B	L___Lib_System_F7xx_InitialSetUpRCCRCC296
L___Lib_System_F7xx_InitialSetUpRCCRCC295:
;__Lib_System_F7xx.c, 627 :: 		
; Fosc_kHz start address is: 24 (R6)
0x800061A	0x484A    LDR	R0, [PC, #296]
0x800061C	0x4286    CMP	R6, R0
0x800061E	0xD906    BLS	L___Lib_System_F7xx_InitialSetUpRCCRCC297
; Fosc_kHz end address is: 24 (R6)
;__Lib_System_F7xx.c, 628 :: 		
0x8000620	0x4845    LDR	R0, [PC, #276]
0x8000622	0x6800    LDR	R0, [R0, #0]
0x8000624	0xF0400106  ORR	R1, R0, #6
0x8000628	0x4843    LDR	R0, [PC, #268]
0x800062A	0x6001    STR	R1, [R0, #0]
0x800062C	0xE03B    B	L___Lib_System_F7xx_InitialSetUpRCCRCC298
L___Lib_System_F7xx_InitialSetUpRCCRCC297:
;__Lib_System_F7xx.c, 629 :: 		
; Fosc_kHz start address is: 24 (R6)
0x800062E	0x4846    LDR	R0, [PC, #280]
0x8000630	0x4286    CMP	R6, R0
0x8000632	0xD906    BLS	L___Lib_System_F7xx_InitialSetUpRCCRCC299
; Fosc_kHz end address is: 24 (R6)
;__Lib_System_F7xx.c, 630 :: 		
0x8000634	0x4840    LDR	R0, [PC, #256]
0x8000636	0x6800    LDR	R0, [R0, #0]
0x8000638	0xF0400105  ORR	R1, R0, #5
0x800063C	0x483E    LDR	R0, [PC, #248]
0x800063E	0x6001    STR	R1, [R0, #0]
0x8000640	0xE031    B	L___Lib_System_F7xx_InitialSetUpRCCRCC2100
L___Lib_System_F7xx_InitialSetUpRCCRCC299:
;__Lib_System_F7xx.c, 631 :: 		
; Fosc_kHz start address is: 24 (R6)
0x8000642	0x4842    LDR	R0, [PC, #264]
0x8000644	0x4286    CMP	R6, R0
0x8000646	0xD906    BLS	L___Lib_System_F7xx_InitialSetUpRCCRCC2101
; Fosc_kHz end address is: 24 (R6)
;__Lib_System_F7xx.c, 632 :: 		
0x8000648	0x483B    LDR	R0, [PC, #236]
0x800064A	0x6800    LDR	R0, [R0, #0]
0x800064C	0xF0400104  ORR	R1, R0, #4
0x8000650	0x4839    LDR	R0, [PC, #228]
0x8000652	0x6001    STR	R1, [R0, #0]
0x8000654	0xE027    B	L___Lib_System_F7xx_InitialSetUpRCCRCC2102
L___Lib_System_F7xx_InitialSetUpRCCRCC2101:
;__Lib_System_F7xx.c, 633 :: 		
; Fosc_kHz start address is: 24 (R6)
0x8000656	0xF64E2060  MOVW	R0, #60000
0x800065A	0x4286    CMP	R6, R0
0x800065C	0xD906    BLS	L___Lib_System_F7xx_InitialSetUpRCCRCC2103
; Fosc_kHz end address is: 24 (R6)
;__Lib_System_F7xx.c, 634 :: 		
0x800065E	0x4836    LDR	R0, [PC, #216]
0x8000660	0x6800    LDR	R0, [R0, #0]
0x8000662	0xF0400103  ORR	R1, R0, #3
0x8000666	0x4834    LDR	R0, [PC, #208]
0x8000668	0x6001    STR	R1, [R0, #0]
0x800066A	0xE01C    B	L___Lib_System_F7xx_InitialSetUpRCCRCC2104
L___Lib_System_F7xx_InitialSetUpRCCRCC2103:
;__Lib_System_F7xx.c, 635 :: 		
; Fosc_kHz start address is: 24 (R6)
0x800066C	0xF6494040  MOVW	R0, #40000
0x8000670	0x4286    CMP	R6, R0
0x8000672	0xD906    BLS	L___Lib_System_F7xx_InitialSetUpRCCRCC2105
; Fosc_kHz end address is: 24 (R6)
;__Lib_System_F7xx.c, 636 :: 		
0x8000674	0x4830    LDR	R0, [PC, #192]
0x8000676	0x6800    LDR	R0, [R0, #0]
0x8000678	0xF0400102  ORR	R1, R0, #2
0x800067C	0x482E    LDR	R0, [PC, #184]
0x800067E	0x6001    STR	R1, [R0, #0]
0x8000680	0xE011    B	L___Lib_System_F7xx_InitialSetUpRCCRCC2106
L___Lib_System_F7xx_InitialSetUpRCCRCC2105:
;__Lib_System_F7xx.c, 637 :: 		
; Fosc_kHz start address is: 24 (R6)
0x8000682	0xF6446020  MOVW	R0, #20000
0x8000686	0x4286    CMP	R6, R0
0x8000688	0xD906    BLS	L___Lib_System_F7xx_InitialSetUpRCCRCC2107
; Fosc_kHz end address is: 24 (R6)
;__Lib_System_F7xx.c, 638 :: 		
0x800068A	0x482B    LDR	R0, [PC, #172]
0x800068C	0x6800    LDR	R0, [R0, #0]
0x800068E	0xF0400101  ORR	R1, R0, #1
0x8000692	0x4829    LDR	R0, [PC, #164]
0x8000694	0x6001    STR	R1, [R0, #0]
0x8000696	0xE006    B	L___Lib_System_F7xx_InitialSetUpRCCRCC2108
L___Lib_System_F7xx_InitialSetUpRCCRCC2107:
;__Lib_System_F7xx.c, 640 :: 		
0x8000698	0x4827    LDR	R0, [PC, #156]
0x800069A	0x6801    LDR	R1, [R0, #0]
0x800069C	0xF06F000F  MVN	R0, #15
0x80006A0	0x4001    ANDS	R1, R0
0x80006A2	0x4825    LDR	R0, [PC, #148]
0x80006A4	0x6001    STR	R1, [R0, #0]
L___Lib_System_F7xx_InitialSetUpRCCRCC2108:
L___Lib_System_F7xx_InitialSetUpRCCRCC2106:
L___Lib_System_F7xx_InitialSetUpRCCRCC2104:
L___Lib_System_F7xx_InitialSetUpRCCRCC2102:
L___Lib_System_F7xx_InitialSetUpRCCRCC2100:
L___Lib_System_F7xx_InitialSetUpRCCRCC298:
L___Lib_System_F7xx_InitialSetUpRCCRCC296:
L___Lib_System_F7xx_InitialSetUpRCCRCC294:
;__Lib_System_F7xx.c, 641 :: 		
L___Lib_System_F7xx_InitialSetUpRCCRCC292:
L___Lib_System_F7xx_InitialSetUpRCCRCC291:
L___Lib_System_F7xx_InitialSetUpRCCRCC271:
L___Lib_System_F7xx_InitialSetUpRCCRCC253:
;__Lib_System_F7xx.c, 644 :: 		
0x80006A6	0xF7FFFDBB  BL	__Lib_System_F7xx_EnableOverdriveMode+0
;__Lib_System_F7xx.c, 646 :: 		
0x80006AA	0x4829    LDR	R0, [PC, #164]
0x80006AC	0x6003    STR	R3, [R0, #0]
; ulRCC_PLLCFGR end address is: 12 (R3)
;__Lib_System_F7xx.c, 647 :: 		
0x80006AE	0x4829    LDR	R0, [PC, #164]
0x80006B0	0x6004    STR	R4, [R0, #0]
;__Lib_System_F7xx.c, 648 :: 		
0x80006B2	0x4829    LDR	R0, [PC, #164]
0x80006B4	0xEA020100  AND	R1, R2, R0, LSL #0
0x80006B8	0x4828    LDR	R0, [PC, #160]
0x80006BA	0x6001    STR	R1, [R0, #0]
;__Lib_System_F7xx.c, 650 :: 		
0x80006BC	0xF0020001  AND	R0, R2, #1
0x80006C0	0xB140    CBZ	R0, L___Lib_System_F7xx_InitialSetUpRCCRCC2120
; ulRCC_CFGR end address is: 16 (R4)
; ulRCC_CR end address is: 8 (R2)
0x80006C2	0x4621    MOV	R1, R4
;__Lib_System_F7xx.c, 651 :: 		
L___Lib_System_F7xx_InitialSetUpRCCRCC2110:
; ulRCC_CFGR start address is: 4 (R1)
; ulRCC_CR start address is: 8 (R2)
0x80006C4	0x4825    LDR	R0, [PC, #148]
0x80006C6	0x6800    LDR	R0, [R0, #0]
0x80006C8	0xF0000002  AND	R0, R0, #2
0x80006CC	0x2800    CMP	R0, #0
0x80006CE	0xD100    BNE	L___Lib_System_F7xx_InitialSetUpRCCRCC2111
;__Lib_System_F7xx.c, 652 :: 		
0x80006D0	0xE7F8    B	L___Lib_System_F7xx_InitialSetUpRCCRCC2110
L___Lib_System_F7xx_InitialSetUpRCCRCC2111:
;__Lib_System_F7xx.c, 653 :: 		
; ulRCC_CFGR end address is: 4 (R1)
0x80006D2	0xE000    B	L___Lib_System_F7xx_InitialSetUpRCCRCC2109
; ulRCC_CR end address is: 8 (R2)
L___Lib_System_F7xx_InitialSetUpRCCRCC2120:
;__Lib_System_F7xx.c, 650 :: 		
0x80006D4	0x4621    MOV	R1, R4
;__Lib_System_F7xx.c, 653 :: 		
L___Lib_System_F7xx_InitialSetUpRCCRCC2109:
;__Lib_System_F7xx.c, 655 :: 		
; ulRCC_CFGR start address is: 4 (R1)
; ulRCC_CR start address is: 8 (R2)
0x80006D6	0xF4023080  AND	R0, R2, #65536
0x80006DA	0xB148    CBZ	R0, L___Lib_System_F7xx_InitialSetUpRCCRCC2121
; ulRCC_CR end address is: 8 (R2)
; ulRCC_CFGR end address is: 4 (R1)
;__Lib_System_F7xx.c, 656 :: 		
L___Lib_System_F7xx_InitialSetUpRCCRCC2113:
; ulRCC_CR start address is: 8 (R2)
; ulRCC_CFGR start address is: 4 (R1)
0x80006DC	0x481F    LDR	R0, [PC, #124]
0x80006DE	0x6800    LDR	R0, [R0, #0]
0x80006E0	0xF4003000  AND	R0, R0, #131072
0x80006E4	0xB900    CBNZ	R0, L___Lib_System_F7xx_InitialSetUpRCCRCC2114
;__Lib_System_F7xx.c, 657 :: 		
0x80006E6	0xE7F9    B	L___Lib_System_F7xx_InitialSetUpRCCRCC2113
L___Lib_System_F7xx_InitialSetUpRCCRCC2114:
;__Lib_System_F7xx.c, 658 :: 		
0x80006E8	0x9201    STR	R2, [SP, #4]
; ulRCC_CFGR end address is: 4 (R1)
0x80006EA	0x460A    MOV	R2, R1
0x80006EC	0x9901    LDR	R1, [SP, #4]
0x80006EE	0xE002    B	L___Lib_System_F7xx_InitialSetUpRCCRCC2112
; ulRCC_CR end address is: 8 (R2)
L___Lib_System_F7xx_InitialSetUpRCCRCC2121:
;__Lib_System_F7xx.c, 655 :: 		
0x80006F0	0x9101    STR	R1, [SP, #4]
0x80006F2	0x4611    MOV	R1, R2
0x80006F4	0x9A01    LDR	R2, [SP, #4]
;__Lib_System_F7xx.c, 658 :: 		
L___Lib_System_F7xx_InitialSetUpRCCRCC2112:
;__Lib_System_F7xx.c, 660 :: 		
; ulRCC_CR start address is: 4 (R1)
; ulRCC_CFGR start address is: 8 (R2)
0x80006F6	0xF0017080  AND	R0, R1, #16777216
; ulRCC_CR end address is: 4 (R1)
0x80006FA	0xB170    CBZ	R0, L___Lib_System_F7xx_InitialSetUpRCCRCC2122
;__Lib_System_F7xx.c, 661 :: 		
0x80006FC	0x4817    LDR	R0, [PC, #92]
0x80006FE	0x6800    LDR	R0, [R0, #0]
0x8000700	0xF0407180  ORR	R1, R0, #16777216
0x8000704	0x4815    LDR	R0, [PC, #84]
0x8000706	0x6001    STR	R1, [R0, #0]
; ulRCC_CFGR end address is: 8 (R2)
0x8000708	0x4611    MOV	R1, R2
;__Lib_System_F7xx.c, 662 :: 		
L___Lib_System_F7xx_InitialSetUpRCCRCC2116:
; ulRCC_CFGR start address is: 4 (R1)
0x800070A	0x4814    LDR	R0, [PC, #80]
0x800070C	0x6800    LDR	R0, [R0, #0]
0x800070E	0xF0007000  AND	R0, R0, #33554432
0x8000712	0xB900    CBNZ	R0, L___Lib_System_F7xx_InitialSetUpRCCRCC2117
;__Lib_System_F7xx.c, 663 :: 		
0x8000714	0xE7F9    B	L___Lib_System_F7xx_InitialSetUpRCCRCC2116
L___Lib_System_F7xx_InitialSetUpRCCRCC2117:
;__Lib_System_F7xx.c, 664 :: 		
0x8000716	0x460A    MOV	R2, R1
0x8000718	0xE7FF    B	L___Lib_System_F7xx_InitialSetUpRCCRCC2115
; ulRCC_CFGR end address is: 4 (R1)
L___Lib_System_F7xx_InitialSetUpRCCRCC2122:
;__Lib_System_F7xx.c, 660 :: 		
;__Lib_System_F7xx.c, 664 :: 		
L___Lib_System_F7xx_InitialSetUpRCCRCC2115:
;__Lib_System_F7xx.c, 667 :: 		
; ulRCC_CFGR start address is: 8 (R2)
; ulRCC_CFGR end address is: 8 (R2)
L___Lib_System_F7xx_InitialSetUpRCCRCC2118:
; ulRCC_CFGR start address is: 8 (R2)
0x800071A	0x480E    LDR	R0, [PC, #56]
0x800071C	0x6800    LDR	R0, [R0, #0]
0x800071E	0xF000010C  AND	R1, R0, #12
0x8000722	0x0090    LSLS	R0, R2, #2
0x8000724	0xF000000C  AND	R0, R0, #12
0x8000728	0x4281    CMP	R1, R0
0x800072A	0xD000    BEQ	L___Lib_System_F7xx_InitialSetUpRCCRCC2119
;__Lib_System_F7xx.c, 668 :: 		
; ulRCC_CFGR end address is: 8 (R2)
0x800072C	0xE7F5    B	L___Lib_System_F7xx_InitialSetUpRCCRCC2118
L___Lib_System_F7xx_InitialSetUpRCCRCC2119:
;__Lib_System_F7xx.c, 669 :: 		
L_end_InitialSetUpRCCRCC2:
0x800072E	0xF8DDE000  LDR	LR, [SP, #0]
0x8000732	0xB002    ADD	SP, SP, #8
0x8000734	0x4770    BX	LR
0x8000736	0xBF00    NOP
0x8000738	0x3C004002  	FLASH_ACR+0
0x800073C	0x71000002  	#160000
0x8000740	0x22E00002  	#140000
0x8000744	0xD4C00001  	#120000
0x8000748	0x86A00001  	#100000
0x800074C	0x38800001  	#80000
0x8000750	0x38044002  	RCC_PLLCFGR+0
0x8000754	0x38084002  	RCC_CFGR+0
0x8000758	0xFFFF000F  	#1048575
0x800075C	0x38004002  	RCC_CR+0
; end of __Lib_System_F7xx_InitialSetUpRCCRCC2
__Lib_System_F7xx_SystemClockSetDefault:
;__Lib_System_F7xx.c, 450 :: 		
0x80001C8	0xB081    SUB	SP, SP, #4
;__Lib_System_F7xx.c, 453 :: 		
0x80001CA	0x480F    LDR	R0, [PC, #60]
0x80001CC	0x6800    LDR	R0, [R0, #0]
0x80001CE	0xF0400101  ORR	R1, R0, #1
0x80001D2	0x480D    LDR	R0, [PC, #52]
0x80001D4	0x6001    STR	R1, [R0, #0]
;__Lib_System_F7xx.c, 456 :: 		
0x80001D6	0x2100    MOVS	R1, #0
0x80001D8	0x480C    LDR	R0, [PC, #48]
0x80001DA	0x6001    STR	R1, [R0, #0]
;__Lib_System_F7xx.c, 459 :: 		
0x80001DC	0x480A    LDR	R0, [PC, #40]
0x80001DE	0x6801    LDR	R1, [R0, #0]
0x80001E0	0x480B    LDR	R0, [PC, #44]
0x80001E2	0x4001    ANDS	R1, R0
0x80001E4	0x4808    LDR	R0, [PC, #32]
0x80001E6	0x6001    STR	R1, [R0, #0]
;__Lib_System_F7xx.c, 462 :: 		
0x80001E8	0x490A    LDR	R1, [PC, #40]
0x80001EA	0x480B    LDR	R0, [PC, #44]
0x80001EC	0x6001    STR	R1, [R0, #0]
;__Lib_System_F7xx.c, 465 :: 		
0x80001EE	0x4806    LDR	R0, [PC, #24]
0x80001F0	0x6801    LDR	R1, [R0, #0]
0x80001F2	0xF46F2080  MVN	R0, #262144
0x80001F6	0x4001    ANDS	R1, R0
0x80001F8	0x4803    LDR	R0, [PC, #12]
0x80001FA	0x6001    STR	R1, [R0, #0]
;__Lib_System_F7xx.c, 468 :: 		
0x80001FC	0x2100    MOVS	R1, #0
0x80001FE	0x4807    LDR	R0, [PC, #28]
0x8000200	0x6001    STR	R1, [R0, #0]
;__Lib_System_F7xx.c, 470 :: 		
L_end_SystemClockSetDefault:
0x8000202	0xB001    ADD	SP, SP, #4
0x8000204	0x4770    BX	LR
0x8000206	0xBF00    NOP
0x8000208	0x38004002  	RCC_CR+0
0x800020C	0x38084002  	RCC_CFGR+0
0x8000210	0xFFFFFEF6  	#-17367041
0x8000214	0x30102400  	#603992080
0x8000218	0x38044002  	RCC_PLLCFGR+0
0x800021C	0x380C4002  	RCC_CIR+0
; end of __Lib_System_F7xx_SystemClockSetDefault
__Lib_System_F7xx_EnableOverdriveMode:
;__Lib_System_F7xx.c, 478 :: 		
0x8000220	0xB081    SUB	SP, SP, #4
;__Lib_System_F7xx.c, 480 :: 		
0x8000222	0x4810    LDR	R0, [PC, #64]
0x8000224	0x6800    LDR	R0, [R0, #0]
0x8000226	0xF0405180  ORR	R1, R0, #268435456
0x800022A	0x480E    LDR	R0, [PC, #56]
0x800022C	0x6001    STR	R1, [R0, #0]
;__Lib_System_F7xx.c, 482 :: 		
0x800022E	0x480E    LDR	R0, [PC, #56]
0x8000230	0x6800    LDR	R0, [R0, #0]
0x8000232	0xF4403180  ORR	R1, R0, #65536
0x8000236	0x480C    LDR	R0, [PC, #48]
0x8000238	0x6001    STR	R1, [R0, #0]
;__Lib_System_F7xx.c, 485 :: 		
L___Lib_System_F7xx_EnableOverdriveMode34:
0x800023A	0x480C    LDR	R0, [PC, #48]
0x800023C	0x6800    LDR	R0, [R0, #0]
0x800023E	0xF4003080  AND	R0, R0, #65536
0x8000242	0xB900    CBNZ	R0, L___Lib_System_F7xx_EnableOverdriveMode35
;__Lib_System_F7xx.c, 486 :: 		
0x8000244	0xE7F9    B	L___Lib_System_F7xx_EnableOverdriveMode34
L___Lib_System_F7xx_EnableOverdriveMode35:
;__Lib_System_F7xx.c, 488 :: 		
0x8000246	0x4808    LDR	R0, [PC, #32]
0x8000248	0x6800    LDR	R0, [R0, #0]
0x800024A	0xF4403100  ORR	R1, R0, #131072
0x800024E	0x4806    LDR	R0, [PC, #24]
0x8000250	0x6001    STR	R1, [R0, #0]
;__Lib_System_F7xx.c, 490 :: 		
L___Lib_System_F7xx_EnableOverdriveMode36:
0x8000252	0x4806    LDR	R0, [PC, #24]
0x8000254	0x6800    LDR	R0, [R0, #0]
0x8000256	0xF4003000  AND	R0, R0, #131072
0x800025A	0xB900    CBNZ	R0, L___Lib_System_F7xx_EnableOverdriveMode37
;__Lib_System_F7xx.c, 491 :: 		
0x800025C	0xE7F9    B	L___Lib_System_F7xx_EnableOverdriveMode36
L___Lib_System_F7xx_EnableOverdriveMode37:
;__Lib_System_F7xx.c, 492 :: 		
L_end_EnableOverdriveMode:
0x800025E	0xB001    ADD	SP, SP, #4
0x8000260	0x4770    BX	LR
0x8000262	0xBF00    NOP
0x8000264	0x38404002  	RCC_APB1ENR+0
0x8000268	0x70004000  	PWR_CR1+0
0x800026C	0x70044000  	PWR_CSR1+0
; end of __Lib_System_F7xx_EnableOverdriveMode
__Lib_System_F7xx_InitialSetUpFosc:
;__Lib_System_F7xx.c, 388 :: 		
0x80002FC	0xB081    SUB	SP, SP, #4
;__Lib_System_F7xx.c, 389 :: 		
0x80002FE	0x4904    LDR	R1, [PC, #16]
0x8000300	0x4804    LDR	R0, [PC, #16]
0x8000302	0x6001    STR	R1, [R0, #0]
;__Lib_System_F7xx.c, 390 :: 		
0x8000304	0x4904    LDR	R1, [PC, #16]
0x8000306	0x4805    LDR	R0, [PC, #20]
0x8000308	0x6001    STR	R1, [R0, #0]
;__Lib_System_F7xx.c, 391 :: 		
L_end_InitialSetUpFosc:
0x800030A	0xB001    ADD	SP, SP, #4
0x800030C	0x4770    BX	LR
0x800030E	0xBF00    NOP
0x8000310	0x3E800000  	#16000
0x8000314	0x00002000  	___System_CLOCK_IN_KHZ+0
0x8000318	0x00030000  	#3
0x800031C	0x00042000  	__VOLTAGE_RANGE+0
; end of __Lib_System_F7xx_InitialSetUpFosc
___GenExcept:
;__Lib_System_F7xx.c, 327 :: 		
0x80002C0	0xB081    SUB	SP, SP, #4
;__Lib_System_F7xx.c, 328 :: 		
L___GenExcept30:
0x80002C2	0xE7FE    B	L___GenExcept30
;__Lib_System_F7xx.c, 329 :: 		
L_end___GenExcept:
0x80002C4	0xB001    ADD	SP, SP, #4
0x80002C6	0x4770    BX	LR
; end of ___GenExcept
___EnableFPU:
;__Lib_System_F7xx.c, 360 :: 		
0x80002C8	0xB081    SUB	SP, SP, #4
;__Lib_System_F7xx.c, 363 :: 		
0x80002CA	0xF64E5088  MOVW	R0, #60808
;__Lib_System_F7xx.c, 364 :: 		
0x80002CE	0xF2CE0000  MOVT	R0, #57344
;__Lib_System_F7xx.c, 366 :: 		
0x80002D2	0x6801    LDR	R1, [R0, #0]
;__Lib_System_F7xx.c, 368 :: 		
0x80002D4	0xF4410170  ORR	R1, R1, #15728640
;__Lib_System_F7xx.c, 370 :: 		
0x80002D8	0x6001    STR	R1, [R0, #0]
;__Lib_System_F7xx.c, 372 :: 		
0x80002DA	0xBF00    NOP
;__Lib_System_F7xx.c, 373 :: 		
0x80002DC	0xBF00    NOP
;__Lib_System_F7xx.c, 374 :: 		
0x80002DE	0xBF00    NOP
;__Lib_System_F7xx.c, 375 :: 		
0x80002E0	0xBF00    NOP
;__Lib_System_F7xx.c, 377 :: 		
0x80002E2	0xBF00    NOP
;__Lib_System_F7xx.c, 378 :: 		
0x80002E4	0xBF00    NOP
;__Lib_System_F7xx.c, 379 :: 		
0x80002E6	0xBF00    NOP
;__Lib_System_F7xx.c, 380 :: 		
0x80002E8	0xBF00    NOP
;__Lib_System_F7xx.c, 381 :: 		
0x80002EA	0xBF00    NOP
;__Lib_System_F7xx.c, 383 :: 		
0x80002EC	0xEEF10A10  VMRS	R0, FPSCR
;__Lib_System_F7xx.c, 384 :: 		
0x80002F0	0xF4400040  ORR	R0, R0, #12582912
;__Lib_System_F7xx.c, 385 :: 		
0x80002F4	0xEEE10A10  VMSR	FPSCR, R0
;__Lib_System_F7xx.c, 386 :: 		
L_end___EnableFPU:
0x80002F8	0xB001    ADD	SP, SP, #4
0x80002FA	0x4770    BX	LR
; end of ___EnableFPU
0x8000774	0xB500    PUSH	(R14)
0x8000776	0xF8DFB010  LDR	R11, [PC, #16]
0x800077A	0xF8DFA010  LDR	R10, [PC, #16]
0x800077E	0xF7FFFD81  BL	134218372
0x8000782	0xBD00    POP	(R15)
0x8000784	0x4770    BX	LR
0x8000786	0xBF00    NOP
0x8000788	0x00002000  	#536870912
0x800078C	0x00082000  	#536870920
Symbol List:
//** Routines locations **
//ADDRESS    SIZE    PROCEDURE
//----------------------------------------------
0x80001C8      [88]    __Lib_System_F7xx_SystemClockSetDefault
0x8000220      [80]    __Lib_System_F7xx_EnableOverdriveMode
0x8000270      [20]    ___CC2DW
0x8000284      [58]    ___FillZeros
0x80002C0       [8]    ___GenExcept
0x80002C8      [52]    ___EnableFPU
0x80002FC      [36]    __Lib_System_F7xx_InitialSetUpFosc
0x8000320    [1088]    __Lib_System_F7xx_InitialSetUpRCCRCC2
0x8000760      [18]    _main
//** Variables locations ** 
//ADDRESS    SIZE    VARIABLE
//----------------------------------------------
0x20000000       [4]    ___System_CLOCK_IN_KHZ
0x20000004       [4]    __VOLTAGE_RANGE
